UMLibrary/build/outputs/logs/manifest-merger-debug-report.txt
-- Merging decision tree log ---
manifest
ADDED from NewTeacher\UMLibrary\AndroidManifest.xml:2:1-24:12
INJECTED from NewTeacher\UMLibrary\AndroidManifest.xml:2:1-24:12
INJECTED from NewTeacher\UMLibrary\AndroidManifest.xml:2:1-24:12
INJECTED from NewTeacher\UMLibrary\AndroidManifest.xml:2:1-24:12
INJECTED from NewTeacher\UMLibrary\AndroidManifest.xml:2:1-24:12
INJECTED from NewTeacher\UMLibrary\AndroidManifest.xml:2:1-24:12
INJECTED from NewTeacher\UMLibrary\AndroidManifest.xml:2:1-24:12
	package
		ADDED from NewTeacher\UMLibrary\AndroidManifest.xml:3:11-42
		INJECTED from NewTeacher\UMLibrary\AndroidManifest.xml
		INJECTED from NewTeacher\UMLibrary\AndroidManifest.xml
	android:versionName
		ADDED from NewTeacher\UMLibrary\AndroidManifest.xml:5:11-36
		INJECTED from NewTeacher\UMLibrary\AndroidManifest.xml
		INJECTED from NewTeacher\UMLibrary\AndroidManifest.xml
	xmlns:android
		ADDED from NewTeacher\UMLibrary\AndroidManifest.xml:2:11-69
	android:versionCode
		ADDED from NewTeacher\UMLibrary\AndroidManifest.xml:4:11-34
		INJECTED from NewTeacher\UMLibrary\AndroidManifest.xml
		INJECTED from NewTeacher\UMLibrary\AndroidManifest.xml
uses-permission#android.permission.INTERNET
ADDED from NewTeacher\UMLibrary\AndroidManifest.xml:8:5-67
	android:name
		ADDED from NewTeacher\UMLibrary\AndroidManifest.xml:8:22-64
uses-permission#android.permission.ACCESS_NETWORK_STATE
ADDED from NewTeacher\UMLibrary\AndroidManifest.xml:9:5-79
	android:name
		ADDED from NewTeacher\UMLibrary\AndroidManifest.xml:9:22-76
uses-permission#android.permission.ACCESS_WIFI_STATE
ADDED from NewTeacher\UMLibrary\AndroidManifest.xml:10:5-76
	android:name
		ADDED from NewTeacher\UMLibrary\AndroidManifest.xml:10:22-73
uses-permission#android.permission.WRITE_EXTERNAL_STORAGE
ADDED from NewTeacher\UMLibrary\AndroidManifest.xml:11:5-81
	android:name
		ADDED from NewTeacher\UMLibrary\AndroidManifest.xml:11:22-78
uses-permission#android.permission.WAKE_LOCK
ADDED from NewTeacher\UMLibrary\AndroidManifest.xml:12:5-68
	android:name
		ADDED from NewTeacher\UMLibrary\AndroidManifest.xml:12:22-65
uses-permission#android.permission.READ_PHONE_STATE
ADDED from NewTeacher\UMLibrary\AndroidManifest.xml:13:5-75
	android:name
		ADDED from NewTeacher\UMLibrary\AndroidManifest.xml:13:22-72
uses-permission#android.permission.BROADCAST_PACKAGE_ADDED
ADDED from NewTeacher\UMLibrary\AndroidManifest.xml:14:5-82
	android:name
		ADDED from NewTeacher\UMLibrary\AndroidManifest.xml:14:22-79
uses-permission#android.permission.BROADCAST_PACKAGE_CHANGED
ADDED from NewTeacher\UMLibrary\AndroidManifest.xml:15:5-84
	android:name
		ADDED from NewTeacher\UMLibrary\AndroidManifest.xml:15:22-81
uses-permission#android.permission.BROADCAST_PACKAGE_INSTALL
ADDED from NewTeacher\UMLibrary\AndroidManifest.xml:16:5-84
	android:name
		ADDED from NewTeacher\UMLibrary\AndroidManifest.xml:16:22-81
uses-permission#android.permission.BROADCAST_PACKAGE_REPLACED
ADDED from NewTeacher\UMLibrary\AndroidManifest.xml:17:5-85
	android:name
		ADDED from NewTeacher\UMLibrary\AndroidManifest.xml:17:22-82
uses-permission#android.permission.RESTART_PACKAGES
ADDED from NewTeacher\UMLibrary\AndroidManifest.xml:18:5-75
	android:name
		ADDED from NewTeacher\UMLibrary\AndroidManifest.xml:18:22-72
uses-permission#android.permission.GET_TASKS
ADDED from NewTeacher\UMLibrary\AndroidManifest.xml:19:5-68
	android:name
		ADDED from NewTeacher\UMLibrary\AndroidManifest.xml:19:22-65
uses-permission#android.permission.RECEIVE_BOOT_COMPLETED
ADDED from NewTeacher\UMLibrary\AndroidManifest.xml:20:5-81
	android:name
		ADDED from NewTeacher\UMLibrary\AndroidManifest.xml:20:22-78
uses-permission#android.permission.CHANGE_NETWORK_STATE
ADDED from NewTeacher\UMLibrary\AndroidManifest.xml:21:5-79
	android:name
		ADDED from NewTeacher\UMLibrary\AndroidManifest.xml:21:22-76
uses-permission#android.permission.CHANGE_WIFI_STATE
ADDED from NewTeacher\UMLibrary\AndroidManifest.xml:22:5-76
	android:name
		ADDED from NewTeacher\UMLibrary\AndroidManifest.xml:22:22-73
uses-sdk
INJECTED from NewTeacher\UMLibrary\AndroidManifest.xml reason: use-sdk injection requested
INJECTED from NewTeacher\UMLibrary\AndroidManifest.xml
INJECTED from NewTeacher\UMLibrary\AndroidManifest.xml
INJECTED from NewTeacher\UMLibrary\AndroidManifest.xml
INJECTED from NewTeacher\UMLibrary\AndroidManifest.xml
	android:targetSdkVersion
		INJECTED from NewTeacher\UMLibrary\AndroidManifest.xml
		ADDED from NewTeacher\UMLibrary\AndroidManifest.xml
		INJECTED from NewTeacher\UMLibrary\AndroidManifest.xml
	android:minSdkVersion
		INJECTED from NewTeacher\UMLibrary\AndroidManifest.xml
		ADDED from NewTeacher\UMLibrary\AndroidManifest.xml
		INJECTED from NewTeacher\UMLibrary\AndroidManifest.xml